<?xml version="1.0" encoding="UTF-8"?>
<coverage generated="1692777240792" clover="3.2.0">
  <project timestamp="1692777240792" name="All files">
    <metrics statements="69" coveredstatements="69" conditionals="42" coveredconditionals="42" methods="15" coveredmethods="15" elements="126" coveredelements="126" complexity="0" loc="69" ncloc="69" packages="1" files="1" classes="1"/>
    <file name="SymbolTable.js" path="/Users/yunseok/Development/codesoom/dsa/dsa-week4-assignment-1/problem-2/SymbolTable.js">
      <metrics statements="69" coveredstatements="69" conditionals="42" coveredconditionals="42" methods="15" coveredmethods="15"/>
      <line num="7" count="24" type="stmt"/>
      <line num="8" count="24" type="stmt"/>
      <line num="9" count="24" type="stmt"/>
      <line num="13" count="8" type="stmt"/>
      <line num="17" count="11" type="cond" truecount="2" falsecount="0"/>
      <line num="18" count="1" type="stmt"/>
      <line num="21" count="10" type="stmt"/>
      <line num="22" count="10" type="cond" truecount="2" falsecount="0"/>
      <line num="23" count="1" type="stmt"/>
      <line num="26" count="9" type="cond" truecount="2" falsecount="0"/>
      <line num="27" count="3" type="stmt"/>
      <line num="30" count="6" type="stmt"/>
      <line num="34" count="44" type="stmt"/>
      <line num="35" count="44" type="cond" truecount="4" falsecount="0"/>
      <line num="36" count="2" type="stmt"/>
      <line num="37" count="2" type="stmt"/>
      <line num="40" count="42" type="stmt"/>
      <line num="41" count="7" type="stmt"/>
      <line num="42" count="7" type="stmt"/>
      <line num="45" count="42" type="stmt"/>
      <line num="46" count="42" type="stmt"/>
      <line num="47" count="42" type="stmt"/>
      <line num="51" count="4" type="stmt"/>
      <line num="52" count="4" type="cond" truecount="4" falsecount="0"/>
      <line num="53" count="1" type="stmt"/>
      <line num="56" count="3" type="stmt"/>
      <line num="57" count="1" type="stmt"/>
      <line num="58" count="1" type="stmt"/>
      <line num="61" count="3" type="stmt"/>
      <line num="65" count="2" type="cond" truecount="2" falsecount="0"/>
      <line num="66" count="1" type="stmt"/>
      <line num="69" count="1" type="stmt"/>
      <line num="70" count="1" type="cond" truecount="2" falsecount="0"/>
      <line num="74" count="172" type="cond" truecount="2" falsecount="0"/>
      <line num="75" count="61" type="stmt"/>
      <line num="78" count="111" type="stmt"/>
      <line num="79" count="111" type="cond" truecount="2" falsecount="0"/>
      <line num="80" count="29" type="stmt"/>
      <line num="81" count="82" type="cond" truecount="2" falsecount="0"/>
      <line num="82" count="59" type="stmt"/>
      <line num="84" count="23" type="stmt"/>
      <line num="89" count="2" type="cond" truecount="2" falsecount="0"/>
      <line num="90" count="1" type="stmt"/>
      <line num="93" count="1" type="stmt"/>
      <line num="97" count="2" type="cond" truecount="2" falsecount="0"/>
      <line num="98" count="1" type="stmt"/>
      <line num="101" count="1" type="stmt"/>
      <line num="105" count="1" type="stmt"/>
      <line num="109" count="8" type="cond" truecount="2" falsecount="0"/>
      <line num="110" count="1" type="stmt"/>
      <line num="113" count="7" type="stmt"/>
      <line num="114" count="7" type="cond" truecount="4" falsecount="0"/>
      <line num="115" count="3" type="stmt"/>
      <line num="118" count="4" type="cond" truecount="2" falsecount="0"/>
      <line num="122" count="8" type="cond" truecount="2" falsecount="0"/>
      <line num="123" count="1" type="stmt"/>
      <line num="126" count="7" type="stmt"/>
      <line num="127" count="7" type="cond" truecount="2" falsecount="0"/>
      <line num="128" count="1" type="stmt"/>
      <line num="131" count="6" type="stmt"/>
      <line num="135" count="35" type="stmt"/>
      <line num="139" count="1" type="stmt"/>
      <line num="143" count="2" type="stmt"/>
      <line num="145" count="2" type="stmt"/>
      <line num="146" count="2" type="stmt"/>
      <line num="147" count="2" type="stmt"/>
      <line num="148" count="5" type="stmt"/>
      <line num="151" count="2" type="stmt"/>
      <line num="155" count="1" type="stmt"/>
    </file>
  </project>
</coverage>
