{"/Users/yunseok/Development/codesoom/dsa/dsa-week4-assignment-1/problem-2/SymbolTable.js": {"path":"/Users/yunseok/Development/codesoom/dsa/dsa-week4-assignment-1/problem-2/SymbolTable.js","statementMap":{"0":{"start":{"line":7,"column":4},"end":{"line":7,"column":37}},"1":{"start":{"line":8,"column":4},"end":{"line":8,"column":39}},"2":{"start":{"line":9,"column":4},"end":{"line":9,"column":16}},"3":{"start":{"line":13,"column":4},"end":{"line":13,"column":19}},"4":{"start":{"line":17,"column":4},"end":{"line":19,"column":5}},"5":{"start":{"line":18,"column":6},"end":{"line":18,"column":13}},"6":{"start":{"line":21,"column":14},"end":{"line":21,"column":28}},"7":{"start":{"line":22,"column":4},"end":{"line":24,"column":5}},"8":{"start":{"line":23,"column":6},"end":{"line":23,"column":13}},"9":{"start":{"line":26,"column":4},"end":{"line":28,"column":5}},"10":{"start":{"line":27,"column":6},"end":{"line":27,"column":13}},"11":{"start":{"line":30,"column":4},"end":{"line":30,"column":27}},"12":{"start":{"line":34,"column":14},"end":{"line":34,"column":28}},"13":{"start":{"line":35,"column":4},"end":{"line":38,"column":5}},"14":{"start":{"line":36,"column":6},"end":{"line":36,"column":30}},"15":{"start":{"line":37,"column":6},"end":{"line":37,"column":13}},"16":{"start":{"line":40,"column":4},"end":{"line":43,"column":5}},"17":{"start":{"line":40,"column":17},"end":{"line":40,"column":24}},"18":{"start":{"line":41,"column":6},"end":{"line":41,"column":40}},"19":{"start":{"line":42,"column":6},"end":{"line":42,"column":44}},"20":{"start":{"line":45,"column":4},"end":{"line":45,"column":24}},"21":{"start":{"line":46,"column":4},"end":{"line":46,"column":28}},"22":{"start":{"line":47,"column":4},"end":{"line":47,"column":14}},"23":{"start":{"line":51,"column":14},"end":{"line":51,"column":28}},"24":{"start":{"line":52,"column":4},"end":{"line":54,"column":5}},"25":{"start":{"line":53,"column":6},"end":{"line":53,"column":13}},"26":{"start":{"line":56,"column":4},"end":{"line":59,"column":5}},"27":{"start":{"line":56,"column":17},"end":{"line":56,"column":18}},"28":{"start":{"line":57,"column":6},"end":{"line":57,"column":40}},"29":{"start":{"line":58,"column":6},"end":{"line":58,"column":44}},"30":{"start":{"line":61,"column":4},"end":{"line":61,"column":14}},"31":{"start":{"line":65,"column":4},"end":{"line":67,"column":5}},"32":{"start":{"line":66,"column":6},"end":{"line":66,"column":19}},"33":{"start":{"line":69,"column":14},"end":{"line":69,"column":28}},"34":{"start":{"line":70,"column":4},"end":{"line":70,"column":48}},"35":{"start":{"line":74,"column":4},"end":{"line":76,"column":5}},"36":{"start":{"line":75,"column":6},"end":{"line":75,"column":19}},"37":{"start":{"line":78,"column":16},"end":{"line":78,"column":53}},"38":{"start":{"line":79,"column":4},"end":{"line":85,"column":5}},"39":{"start":{"line":80,"column":6},"end":{"line":80,"column":44}},"40":{"start":{"line":81,"column":11},"end":{"line":85,"column":5}},"41":{"start":{"line":82,"column":6},"end":{"line":82,"column":42}},"42":{"start":{"line":84,"column":6},"end":{"line":84,"column":17}},"43":{"start":{"line":89,"column":4},"end":{"line":91,"column":5}},"44":{"start":{"line":90,"column":6},"end":{"line":90,"column":13}},"45":{"start":{"line":93,"column":4},"end":{"line":93,"column":25}},"46":{"start":{"line":97,"column":4},"end":{"line":99,"column":5}},"47":{"start":{"line":98,"column":6},"end":{"line":98,"column":13}},"48":{"start":{"line":101,"column":4},"end":{"line":101,"column":35}},"49":{"start":{"line":105,"column":4},"end":{"line":105,"column":25}},"50":{"start":{"line":109,"column":4},"end":{"line":111,"column":5}},"51":{"start":{"line":110,"column":6},"end":{"line":110,"column":13}},"52":{"start":{"line":113,"column":14},"end":{"line":113,"column":28}},"53":{"start":{"line":114,"column":4},"end":{"line":116,"column":5}},"54":{"start":{"line":115,"column":6},"end":{"line":115,"column":27}},"55":{"start":{"line":118,"column":4},"end":{"line":118,"column":51}},"56":{"start":{"line":122,"column":4},"end":{"line":124,"column":5}},"57":{"start":{"line":123,"column":6},"end":{"line":123,"column":13}},"58":{"start":{"line":126,"column":14},"end":{"line":126,"column":28}},"59":{"start":{"line":127,"column":4},"end":{"line":129,"column":5}},"60":{"start":{"line":128,"column":6},"end":{"line":128,"column":13}},"61":{"start":{"line":131,"column":4},"end":{"line":131,"column":25}},"62":{"start":{"line":135,"column":4},"end":{"line":135,"column":25}},"63":{"start":{"line":139,"column":4},"end":{"line":139,"column":27}},"64":{"start":{"line":143,"column":17},"end":{"line":143,"column":19}},"65":{"start":{"line":145,"column":23},"end":{"line":145,"column":39}},"66":{"start":{"line":146,"column":21},"end":{"line":146,"column":35}},"67":{"start":{"line":147,"column":4},"end":{"line":149,"column":5}},"68":{"start":{"line":147,"column":17},"end":{"line":147,"column":27}},"69":{"start":{"line":148,"column":6},"end":{"line":148,"column":31}},"70":{"start":{"line":151,"column":4},"end":{"line":151,"column":16}},"71":{"start":{"line":155,"column":0},"end":{"line":157,"column":1}}},"fnMap":{"0":{"name":"(anonymous_0)","decl":{"start":{"line":6,"column":2},"end":{"line":6,"column":3}},"loc":{"start":{"line":6,"column":24},"end":{"line":10,"column":3}},"line":6},"1":{"name":"(anonymous_1)","decl":{"start":{"line":12,"column":2},"end":{"line":12,"column":3}},"loc":{"start":{"line":12,"column":9},"end":{"line":14,"column":3}},"line":12},"2":{"name":"(anonymous_2)","decl":{"start":{"line":16,"column":2},"end":{"line":16,"column":3}},"loc":{"start":{"line":16,"column":11},"end":{"line":31,"column":3}},"line":16},"3":{"name":"(anonymous_3)","decl":{"start":{"line":33,"column":2},"end":{"line":33,"column":3}},"loc":{"start":{"line":33,"column":18},"end":{"line":48,"column":3}},"line":33},"4":{"name":"(anonymous_4)","decl":{"start":{"line":50,"column":2},"end":{"line":50,"column":3}},"loc":{"start":{"line":50,"column":14},"end":{"line":62,"column":3}},"line":50},"5":{"name":"(anonymous_5)","decl":{"start":{"line":64,"column":2},"end":{"line":64,"column":3}},"loc":{"start":{"line":64,"column":16},"end":{"line":71,"column":3}},"line":64},"6":{"name":"(anonymous_6)","decl":{"start":{"line":73,"column":2},"end":{"line":73,"column":3}},"loc":{"start":{"line":73,"column":42},"end":{"line":86,"column":3}},"line":73},"7":{"name":"(anonymous_7)","decl":{"start":{"line":88,"column":2},"end":{"line":88,"column":3}},"loc":{"start":{"line":88,"column":8},"end":{"line":94,"column":3}},"line":88},"8":{"name":"(anonymous_8)","decl":{"start":{"line":96,"column":2},"end":{"line":96,"column":3}},"loc":{"start":{"line":96,"column":8},"end":{"line":102,"column":3}},"line":96},"9":{"name":"(anonymous_9)","decl":{"start":{"line":104,"column":2},"end":{"line":104,"column":3}},"loc":{"start":{"line":104,"column":12},"end":{"line":106,"column":3}},"line":104},"10":{"name":"(anonymous_10)","decl":{"start":{"line":108,"column":2},"end":{"line":108,"column":3}},"loc":{"start":{"line":108,"column":13},"end":{"line":119,"column":3}},"line":108},"11":{"name":"(anonymous_11)","decl":{"start":{"line":121,"column":2},"end":{"line":121,"column":3}},"loc":{"start":{"line":121,"column":15},"end":{"line":132,"column":3}},"line":121},"12":{"name":"(anonymous_12)","decl":{"start":{"line":134,"column":2},"end":{"line":134,"column":3}},"loc":{"start":{"line":134,"column":12},"end":{"line":136,"column":3}},"line":134},"13":{"name":"(anonymous_13)","decl":{"start":{"line":138,"column":2},"end":{"line":138,"column":3}},"loc":{"start":{"line":138,"column":9},"end":{"line":140,"column":3}},"line":138},"14":{"name":"(anonymous_14)","decl":{"start":{"line":142,"column":2},"end":{"line":142,"column":3}},"loc":{"start":{"line":142,"column":24},"end":{"line":152,"column":3}},"line":142}},"branchMap":{"0":{"loc":{"start":{"line":17,"column":4},"end":{"line":19,"column":5}},"type":"if","locations":[{"start":{"line":17,"column":4},"end":{"line":19,"column":5}},{"start":{},"end":{}}],"line":17},"1":{"loc":{"start":{"line":22,"column":4},"end":{"line":24,"column":5}},"type":"if","locations":[{"start":{"line":22,"column":4},"end":{"line":24,"column":5}},{"start":{},"end":{}}],"line":22},"2":{"loc":{"start":{"line":26,"column":4},"end":{"line":28,"column":5}},"type":"if","locations":[{"start":{"line":26,"column":4},"end":{"line":28,"column":5}},{"start":{},"end":{}}],"line":26},"3":{"loc":{"start":{"line":35,"column":4},"end":{"line":38,"column":5}},"type":"if","locations":[{"start":{"line":35,"column":4},"end":{"line":38,"column":5}},{"start":{},"end":{}}],"line":35},"4":{"loc":{"start":{"line":35,"column":8},"end":{"line":35,"column":44}},"type":"binary-expr","locations":[{"start":{"line":35,"column":8},"end":{"line":35,"column":19}},{"start":{"line":35,"column":23},"end":{"line":35,"column":44}}],"line":35},"5":{"loc":{"start":{"line":52,"column":4},"end":{"line":54,"column":5}},"type":"if","locations":[{"start":{"line":52,"column":4},"end":{"line":54,"column":5}},{"start":{},"end":{}}],"line":52},"6":{"loc":{"start":{"line":52,"column":8},"end":{"line":52,"column":45}},"type":"binary-expr","locations":[{"start":{"line":52,"column":8},"end":{"line":52,"column":20}},{"start":{"line":52,"column":24},"end":{"line":52,"column":45}}],"line":52},"7":{"loc":{"start":{"line":65,"column":4},"end":{"line":67,"column":5}},"type":"if","locations":[{"start":{"line":65,"column":4},"end":{"line":67,"column":5}},{"start":{},"end":{}}],"line":65},"8":{"loc":{"start":{"line":70,"column":11},"end":{"line":70,"column":47}},"type":"binary-expr","locations":[{"start":{"line":70,"column":11},"end":{"line":70,"column":22}},{"start":{"line":70,"column":26},"end":{"line":70,"column":47}}],"line":70},"9":{"loc":{"start":{"line":73,"column":12},"end":{"line":73,"column":21}},"type":"default-arg","locations":[{"start":{"line":73,"column":20},"end":{"line":73,"column":21}}],"line":73},"10":{"loc":{"start":{"line":73,"column":23},"end":{"line":73,"column":40}},"type":"default-arg","locations":[{"start":{"line":73,"column":29},"end":{"line":73,"column":40}}],"line":73},"11":{"loc":{"start":{"line":74,"column":4},"end":{"line":76,"column":5}},"type":"if","locations":[{"start":{"line":74,"column":4},"end":{"line":76,"column":5}},{"start":{},"end":{}}],"line":74},"12":{"loc":{"start":{"line":79,"column":4},"end":{"line":85,"column":5}},"type":"if","locations":[{"start":{"line":79,"column":4},"end":{"line":85,"column":5}},{"start":{"line":81,"column":11},"end":{"line":85,"column":5}}],"line":79},"13":{"loc":{"start":{"line":81,"column":11},"end":{"line":85,"column":5}},"type":"if","locations":[{"start":{"line":81,"column":11},"end":{"line":85,"column":5}},{"start":{"line":83,"column":11},"end":{"line":85,"column":5}}],"line":81},"14":{"loc":{"start":{"line":89,"column":4},"end":{"line":91,"column":5}},"type":"if","locations":[{"start":{"line":89,"column":4},"end":{"line":91,"column":5}},{"start":{},"end":{}}],"line":89},"15":{"loc":{"start":{"line":97,"column":4},"end":{"line":99,"column":5}},"type":"if","locations":[{"start":{"line":97,"column":4},"end":{"line":99,"column":5}},{"start":{},"end":{}}],"line":97},"16":{"loc":{"start":{"line":109,"column":4},"end":{"line":111,"column":5}},"type":"if","locations":[{"start":{"line":109,"column":4},"end":{"line":111,"column":5}},{"start":{},"end":{}}],"line":109},"17":{"loc":{"start":{"line":114,"column":4},"end":{"line":116,"column":5}},"type":"if","locations":[{"start":{"line":114,"column":4},"end":{"line":116,"column":5}},{"start":{},"end":{}}],"line":114},"18":{"loc":{"start":{"line":114,"column":8},"end":{"line":114,"column":44}},"type":"binary-expr","locations":[{"start":{"line":114,"column":8},"end":{"line":114,"column":19}},{"start":{"line":114,"column":23},"end":{"line":114,"column":44}}],"line":114},"19":{"loc":{"start":{"line":118,"column":11},"end":{"line":118,"column":50}},"type":"cond-expr","locations":[{"start":{"line":118,"column":21},"end":{"line":118,"column":30}},{"start":{"line":118,"column":33},"end":{"line":118,"column":50}}],"line":118},"20":{"loc":{"start":{"line":122,"column":4},"end":{"line":124,"column":5}},"type":"if","locations":[{"start":{"line":122,"column":4},"end":{"line":124,"column":5}},{"start":{},"end":{}}],"line":122},"21":{"loc":{"start":{"line":127,"column":4},"end":{"line":129,"column":5}},"type":"if","locations":[{"start":{"line":127,"column":4},"end":{"line":129,"column":5}},{"start":{},"end":{}}],"line":127}},"s":{"0":24,"1":24,"2":24,"3":8,"4":11,"5":1,"6":10,"7":10,"8":1,"9":9,"10":3,"11":6,"12":44,"13":44,"14":2,"15":2,"16":42,"17":42,"18":7,"19":7,"20":42,"21":42,"22":42,"23":4,"24":4,"25":1,"26":3,"27":3,"28":1,"29":1,"30":3,"31":2,"32":1,"33":1,"34":1,"35":172,"36":61,"37":111,"38":111,"39":29,"40":82,"41":59,"42":23,"43":2,"44":1,"45":1,"46":2,"47":1,"48":1,"49":1,"50":8,"51":1,"52":7,"53":7,"54":3,"55":4,"56":8,"57":1,"58":7,"59":7,"60":1,"61":6,"62":35,"63":1,"64":2,"65":2,"66":2,"67":2,"68":2,"69":5,"70":2,"71":1},"f":{"0":24,"1":8,"2":11,"3":44,"4":4,"5":2,"6":172,"7":2,"8":2,"9":1,"10":8,"11":8,"12":35,"13":1,"14":2},"b":{"0":[1,10],"1":[1,9],"2":[3,6],"3":[2,42],"4":[44,7],"5":[1,3],"6":[4,3],"7":[1,1],"8":[1,1],"9":[84],"10":[84],"11":[61,111],"12":[29,82],"13":[59,23],"14":[1,1],"15":[1,1],"16":[1,7],"17":[3,4],"18":[7,6],"19":[1,3],"20":[1,7],"21":[1,6]},"_coverageSchema":"1a1c01bbd47fc00a2c39e90264f33305004495a9","hash":"6be6b8dcf92381c34c6eebd0986dd1d30f5a9cc4"}
}
