TN:
SF:problem-2/SymbolTable.js
FN:6,(anonymous_0)
FN:12,(anonymous_1)
FN:16,(anonymous_2)
FN:33,(anonymous_3)
FN:50,(anonymous_4)
FN:64,(anonymous_5)
FN:73,(anonymous_6)
FN:88,(anonymous_7)
FN:96,(anonymous_8)
FN:104,(anonymous_9)
FN:108,(anonymous_10)
FN:121,(anonymous_11)
FN:134,(anonymous_12)
FN:138,(anonymous_13)
FN:142,(anonymous_14)
FNF:15
FNH:15
FNDA:24,(anonymous_0)
FNDA:8,(anonymous_1)
FNDA:11,(anonymous_2)
FNDA:44,(anonymous_3)
FNDA:4,(anonymous_4)
FNDA:2,(anonymous_5)
FNDA:172,(anonymous_6)
FNDA:2,(anonymous_7)
FNDA:2,(anonymous_8)
FNDA:1,(anonymous_9)
FNDA:8,(anonymous_10)
FNDA:8,(anonymous_11)
FNDA:35,(anonymous_12)
FNDA:1,(anonymous_13)
FNDA:2,(anonymous_14)
DA:7,24
DA:8,24
DA:9,24
DA:13,8
DA:17,11
DA:18,1
DA:21,10
DA:22,10
DA:23,1
DA:26,9
DA:27,3
DA:30,6
DA:34,44
DA:35,44
DA:36,2
DA:37,2
DA:40,42
DA:41,7
DA:42,7
DA:45,42
DA:46,42
DA:47,42
DA:51,4
DA:52,4
DA:53,1
DA:56,3
DA:57,1
DA:58,1
DA:61,3
DA:65,2
DA:66,1
DA:69,1
DA:70,1
DA:74,172
DA:75,61
DA:78,111
DA:79,111
DA:80,29
DA:81,82
DA:82,59
DA:84,23
DA:89,2
DA:90,1
DA:93,1
DA:97,2
DA:98,1
DA:101,1
DA:105,1
DA:109,8
DA:110,1
DA:113,7
DA:114,7
DA:115,3
DA:118,4
DA:122,8
DA:123,1
DA:126,7
DA:127,7
DA:128,1
DA:131,6
DA:135,35
DA:139,1
DA:143,2
DA:145,2
DA:146,2
DA:147,2
DA:148,5
DA:151,2
DA:155,1
LF:69
LH:69
BRDA:17,0,0,1
BRDA:17,0,1,10
BRDA:22,1,0,1
BRDA:22,1,1,9
BRDA:26,2,0,3
BRDA:26,2,1,6
BRDA:35,3,0,2
BRDA:35,3,1,42
BRDA:35,4,0,44
BRDA:35,4,1,7
BRDA:52,5,0,1
BRDA:52,5,1,3
BRDA:52,6,0,4
BRDA:52,6,1,3
BRDA:65,7,0,1
BRDA:65,7,1,1
BRDA:70,8,0,1
BRDA:70,8,1,1
BRDA:73,9,0,84
BRDA:73,10,0,84
BRDA:74,11,0,61
BRDA:74,11,1,111
BRDA:79,12,0,29
BRDA:79,12,1,82
BRDA:81,13,0,59
BRDA:81,13,1,23
BRDA:89,14,0,1
BRDA:89,14,1,1
BRDA:97,15,0,1
BRDA:97,15,1,1
BRDA:109,16,0,1
BRDA:109,16,1,7
BRDA:114,17,0,3
BRDA:114,17,1,4
BRDA:114,18,0,7
BRDA:114,18,1,6
BRDA:118,19,0,1
BRDA:118,19,1,3
BRDA:122,20,0,1
BRDA:122,20,1,7
BRDA:127,21,0,1
BRDA:127,21,1,6
BRF:42
BRH:42
end_of_record
